# JRE version: OpenJDK Runtime Environment (8.0_242-b08) (build 1.8.0_242-8u242-b08-0ubuntu3~18.04-b08)
# Java VM: OpenJDK 64-Bit Server VM (25.242-b08 mixed mode linux-amd64 compressed oops)
Heap:
 PSYoungGen      total 287232K, used 10271K [0x00000000d7000000, 0x00000000e9480000, 0x0000000100000000)
  eden space 274944K, 0% used [0x00000000d7000000,0x00000000d7000000,0x00000000e7c80000)
  from space 12288K, 83% used [0x00000000e7c80000,0x00000000e8687d38,0x00000000e8880000)
  to   space 10240K, 0% used [0x00000000e8a00000,0x00000000e8a00000,0x00000000e9400000)
 ParOldGen       total 62976K, used 24966K [0x0000000085000000, 0x0000000088d80000, 0x00000000d7000000)
  object space 62976K, 39% used [0x0000000085000000,0x0000000086861bf0,0x0000000088d80000)
 Metaspace       used 44984K, capacity 46718K, committed 46976K, reserved 1089536K
  class space    used 5787K, capacity 6149K, committed 6272K, reserved 1048576K
GC Heap History (10 events):
Event: 19.556 GC heap after
Heap after GC invocations=10 (full 1):
 PSYoungGen      total 133632K, used 7144K [0x00000000d7000000, 0x00000000e3c80000, 0x0000000100000000)
  eden space 126464K, 0% used [0x00000000d7000000,0x00000000d7000000,0x00000000deb80000)
  from space 7168K, 99% used [0x00000000deb80000,0x00000000df27a300,0x00000000df280000)
  to   space 8704K, 0% used [0x00000000e3400000,0x00000000e3400000,0x00000000e3c80000)
 ParOldGen       total 42496K, used 6739K [0x0000000085000000, 0x0000000087980000, 0x00000000d7000000)
  object space 42496K, 15% used [0x0000000085000000,0x0000000085694e58,0x0000000087980000)
 Metaspace       used 29718K, capacity 30520K, committed 30720K, reserved 1075200K
  class space    used 3773K, capacity 3984K, committed 4096K, reserved 1048576K
}
Event: 24.389 GC heap before
{Heap before GC invocations=11 (full 1):
 PSYoungGen      total 133632K, used 133608K [0x00000000d7000000, 0x00000000e3c80000, 0x0000000100000000)
  eden space 126464K, 100% used [0x00000000d7000000,0x00000000deb80000,0x00000000deb80000)
  from space 7168K, 99% used [0x00000000deb80000,0x00000000df27a300,0x00000000df280000)
  to   space 8704K, 0% used [0x00000000e3400000,0x00000000e3400000,0x00000000e3c80000)
 ParOldGen       total 42496K, used 6739K [0x0000000085000000, 0x0000000087980000, 0x00000000d7000000)
  object space 42496K, 15% used [0x0000000085000000,0x0000000085694e58,0x0000000087980000)
 Metaspace       used 32778K, capacity 33772K, committed 33920K, reserved 1079296K
  class space    used 4183K, capacity 4434K, committed 4480K, reserved 1048576K
Event: 24.437 GC heap after
Heap after GC invocations=11 (full 1):
 PSYoungGen      total 198144K, used 8703K [0x00000000d7000000, 0x00000000e3e00000, 0x0000000100000000)
  eden space 189440K, 0% used [0x00000000d7000000,0x00000000d7000000,0x00000000e2900000)
  from space 8704K, 99% used [0x00000000e3400000,0x00000000e3c7feb0,0x00000000e3c80000)
  to   space 10752K, 0% used [0x00000000e2900000,0x00000000e2900000,0x00000000e3380000)
 ParOldGen       total 42496K, used 9432K [0x0000000085000000, 0x0000000087980000, 0x00000000d7000000)
  object space 42496K, 22% used [0x0000000085000000,0x0000000085936080,0x0000000087980000)
 Metaspace       used 32778K, capacity 33772K, committed 33920K, reserved 1079296K
  class space    used 4183K, capacity 4434K, committed 4480K, reserved 1048576K
}
Event: 27.824 GC heap before
{Heap before GC invocations=12 (full 1):
 PSYoungGen      total 198144K, used 81997K [0x00000000d7000000, 0x00000000e3e00000, 0x0000000100000000)
  eden space 189440K, 38% used [0x00000000d7000000,0x00000000db793948,0x00000000e2900000)
  from space 8704K, 99% used [0x00000000e3400000,0x00000000e3c7feb0,0x00000000e3c80000)
  to   space 10752K, 0% used [0x00000000e2900000,0x00000000e2900000,0x00000000e3380000)
 ParOldGen       total 42496K, used 9432K [0x0000000085000000, 0x0000000087980000, 0x00000000d7000000)
  object space 42496K, 22% used [0x0000000085000000,0x0000000085936080,0x0000000087980000)
 Metaspace       used 35020K, capacity 36018K, committed 36048K, reserved 1081344K
  class space    used 4476K, capacity 4735K, committed 4736K, reserved 1048576K
Event: 27.882 GC heap after
Heap after GC invocations=12 (full 1):
 PSYoungGen      total 200192K, used 3635K [0x00000000d7000000, 0x00000000e9400000, 0x0000000100000000)
  eden space 189440K, 0% used [0x00000000d7000000,0x00000000d7000000,0x00000000e2900000)
  from space 10752K, 33% used [0x00000000e2900000,0x00000000e2c8ce80,0x00000000e3380000)
  to   space 10240K, 0% used [0x00000000e8a00000,0x00000000e8a00000,0x00000000e9400000)
 ParOldGen       total 42496K, used 16177K [0x0000000085000000, 0x0000000087980000, 0x00000000d7000000)
  object space 42496K, 38% used [0x0000000085000000,0x0000000085fcc4a0,0x0000000087980000)
 Metaspace       used 35020K, capacity 36018K, committed 36048K, reserved 1081344K
  class space    used 4476K, capacity 4735K, committed 4736K, reserved 1048576K
}
Event: 27.882 GC heap before
{Heap before GC invocations=13 (full 2):
 PSYoungGen      total 200192K, used 3635K [0x00000000d7000000, 0x00000000e9400000, 0x0000000100000000)
  eden space 189440K, 0% used [0x00000000d7000000,0x00000000d7000000,0x00000000e2900000)
  from space 10752K, 33% used [0x00000000e2900000,0x00000000e2c8ce80,0x00000000e3380000)
  to   space 10240K, 0% used [0x00000000e8a00000,0x00000000e8a00000,0x00000000e9400000)
 ParOldGen       total 42496K, used 16177K [0x0000000085000000, 0x0000000087980000, 0x00000000d7000000)
  object space 42496K, 38% used [0x0000000085000000,0x0000000085fcc4a0,0x0000000087980000)
 Metaspace       used 35020K, capacity 36018K, committed 36048K, reserved 1081344K
  class space    used 4476K, capacity 4735K, committed 4736K, reserved 1048576K
Event: 28.116 GC heap after
Heap after GC invocations=13 (full 2):
 PSYoungGen      total 200192K, used 0K [0x00000000d7000000, 0x00000000e9400000, 0x0000000100000000)
  eden space 189440K, 0% used [0x00000000d7000000,0x00000000d7000000,0x00000000e2900000)
  from space 10752K, 0% used [0x00000000e2900000,0x00000000e2900000,0x00000000e3380000)
  to   space 10240K, 0% used [0x00000000e8a00000,0x00000000e8a00000,0x00000000e9400000)
 ParOldGen       total 62976K, used 14572K [0x0000000085000000, 0x0000000088d80000, 0x00000000d7000000)
  object space 62976K, 23% used [0x0000000085000000,0x0000000085e3b128,0x0000000088d80000)
 Metaspace       used 35020K, capacity 36018K, committed 36048K, reserved 1081344K
  class space    used 4476K, capacity 4735K, committed 4736K, reserved 1048576K
}
Event: 35.455 GC heap before
{Heap before GC invocations=14 (full 2):
 PSYoungGen      total 200192K, used 189440K [0x00000000d7000000, 0x00000000e9400000, 0x0000000100000000)
  eden space 189440K, 100% used [0x00000000d7000000,0x00000000e2900000,0x00000000e2900000)
  from space 10752K, 0% used [0x00000000e2900000,0x00000000e2900000,0x00000000e3380000)
  to   space 10240K, 0% used [0x00000000e8a00000,0x00000000e8a00000,0x00000000e9400000)
 ParOldGen       total 62976K, used 14572K [0x0000000085000000, 0x0000000088d80000, 0x00000000d7000000)
  object space 62976K, 23% used [0x0000000085000000,0x0000000085e3b128,0x0000000088d80000)
 Metaspace       used 40397K, capacity 41834K, committed 42112K, reserved 1085440K
  class space    used 5138K, capacity 5455K, committed 5504K, reserved 1048576K
Event: 35.516 GC heap after
Heap after GC invocations=14 (full 2):
 PSYoungGen      total 285184K, used 10212K [0x00000000d7000000, 0x00000000e9480000, 0x0000000100000000)
  eden space 274944K, 0% used [0x00000000d7000000,0x00000000d7000000,0x00000000e7c80000)
  from space 10240K, 99% used [0x00000000e8a00000,0x00000000e93f9310,0x00000000e9400000)
  to   space 12288K, 0% used [0x00000000e7c80000,0x00000000e7c80000,0x00000000e8880000)
 ParOldGen       total 62976K, used 16271K [0x0000000085000000, 0x0000000088d80000, 0x00000000d7000000)
  object space 62976K, 25% used [0x0000000085000000,0x0000000085fe3f58,0x0000000088d80000)
 Metaspace       used 40397K, capacity 41834K, committed 42112K, reserved 1085440K
  class space    used 5138K, capacity 5455K, committed 5504K, reserved 1048576K
}
Event: 74.614 GC heap before
{Heap before GC invocations=15 (full 2):
 PSYoungGen      total 285184K, used 285156K [0x00000000d7000000, 0x00000000e9480000, 0x0000000100000000)
  eden space 274944K, 100% used [0x00000000d7000000,0x00000000e7c80000,0x00000000e7c80000)
  from space 10240K, 99% used [0x00000000e8a00000,0x00000000e93f9310,0x00000000e9400000)
  to   space 12288K, 0% used [0x00000000e7c80000,0x00000000e7c80000,0x00000000e8880000)
 ParOldGen       total 62976K, used 16271K [0x0000000085000000, 0x0000000088d80000, 0x00000000d7000000)
  object space 62976K, 25% used [0x0000000085000000,0x0000000085fe3f58,0x0000000088d80000)
 Metaspace       used 44984K, capacity 46718K, committed 46976K, reserved 1089536K
  class space    used 5787K, capacity 6149K, committed 6272K, reserved 1048576K

