# JRE version: OpenJDK Runtime Environment (8.0_242-b08) (build 1.8.0_242-8u242-b08-0ubuntu3~18.04-b08)
# Java VM: OpenJDK 64-Bit Server VM (25.242-b08 mixed mode linux-amd64 compressed oops)
Heap:
 PSYoungGen      total 235008K, used 17378K [0x00000000d7000000, 0x00000000e6780000, 0x0000000100000000)
  eden space 217600K, 0% used [0x00000000d7000000,0x00000000d7000000,0x00000000e4480000)
  from space 17408K, 99% used [0x00000000e4580000,0x00000000e5678a70,0x00000000e5680000)
  to   space 15872K, 0% used [0x00000000e5800000,0x00000000e5800000,0x00000000e6780000)
 ParOldGen       total 92160K, used 26239K [0x0000000085000000, 0x000000008aa00000, 0x00000000d7000000)
  object space 92160K, 28% used [0x0000000085000000,0x000000008699fe40,0x000000008aa00000)
 Metaspace       used 54294K, capacity 56648K, committed 56704K, reserved 1097728K
  class space    used 7060K, capacity 7506K, committed 7552K, reserved 1048576K
GC Heap History (10 events):
Event: 25.154 GC heap after
Heap after GC invocations=10 (full 1):
 PSYoungGen      total 152576K, used 12282K [0x00000000d7000000, 0x00000000e4080000, 0x0000000100000000)
  eden space 140288K, 0% used [0x00000000d7000000,0x00000000d7000000,0x00000000df900000)
  from space 12288K, 99% used [0x00000000df900000,0x00000000e04fe8b8,0x00000000e0500000)
  to   space 15360K, 0% used [0x00000000e3180000,0x00000000e3180000,0x00000000e4080000)
 ParOldGen       total 58880K, used 14632K [0x0000000085000000, 0x0000000088980000, 0x00000000d7000000)
  object space 58880K, 24% used [0x0000000085000000,0x0000000085e4a230,0x0000000088980000)
 Metaspace       used 33940K, capacity 35254K, committed 35416K, reserved 1081344K
  class space    used 4245K, capacity 4497K, committed 4608K, reserved 1048576K
}
Event: 25.154 GC heap before
{Heap before GC invocations=11 (full 2):
 PSYoungGen      total 152576K, used 12282K [0x00000000d7000000, 0x00000000e4080000, 0x0000000100000000)
  eden space 140288K, 0% used [0x00000000d7000000,0x00000000d7000000,0x00000000df900000)
  from space 12288K, 99% used [0x00000000df900000,0x00000000e04fe8b8,0x00000000e0500000)
  to   space 15360K, 0% used [0x00000000e3180000,0x00000000e3180000,0x00000000e4080000)
 ParOldGen       total 58880K, used 14632K [0x0000000085000000, 0x0000000088980000, 0x00000000d7000000)
  object space 58880K, 24% used [0x0000000085000000,0x0000000085e4a230,0x0000000088980000)
 Metaspace       used 33940K, capacity 35254K, committed 35416K, reserved 1081344K
  class space    used 4245K, capacity 4497K, committed 4608K, reserved 1048576K
Event: 25.636 GC heap after
Heap after GC invocations=11 (full 2):
 PSYoungGen      total 152576K, used 0K [0x00000000d7000000, 0x00000000e4080000, 0x0000000100000000)
  eden space 140288K, 0% used [0x00000000d7000000,0x00000000d7000000,0x00000000df900000)
  from space 12288K, 0% used [0x00000000df900000,0x00000000df900000,0x00000000e0500000)
  to   space 15360K, 0% used [0x00000000e3180000,0x00000000e3180000,0x00000000e4080000)
 ParOldGen       total 92160K, used 18971K [0x0000000085000000, 0x000000008aa00000, 0x00000000d7000000)
  object space 92160K, 20% used [0x0000000085000000,0x0000000086286cd8,0x000000008aa00000)
 Metaspace       used 33940K, capacity 35254K, committed 35416K, reserved 1081344K
  class space    used 4245K, capacity 4497K, committed 4608K, reserved 1048576K
}
Event: 33.323 GC heap before
{Heap before GC invocations=12 (full 2):
 PSYoungGen      total 152576K, used 140288K [0x00000000d7000000, 0x00000000e4080000, 0x0000000100000000)
  eden space 140288K, 100% used [0x00000000d7000000,0x00000000df900000,0x00000000df900000)
  from space 12288K, 0% used [0x00000000df900000,0x00000000df900000,0x00000000e0500000)
  to   space 15360K, 0% used [0x00000000e3180000,0x00000000e3180000,0x00000000e4080000)
 ParOldGen       total 92160K, used 18971K [0x0000000085000000, 0x000000008aa00000, 0x00000000d7000000)
  object space 92160K, 20% used [0x0000000085000000,0x0000000086286cd8,0x000000008aa00000)
 Metaspace       used 37089K, capacity 38746K, committed 38912K, reserved 1083392K
  class space    used 4680K, capacity 4997K, committed 5120K, reserved 1048576K
Event: 33.348 GC heap after
Heap after GC invocations=12 (full 2):
 PSYoungGen      total 187904K, used 7954K [0x00000000d7000000, 0x00000000e3b00000, 0x0000000100000000)
  eden space 178176K, 0% used [0x00000000d7000000,0x00000000d7000000,0x00000000e1e00000)
  from space 9728K, 81% used [0x00000000e3180000,0x00000000e3944898,0x00000000e3b00000)
  to   space 14848K, 0% used [0x00000000e1e00000,0x00000000e1e00000,0x00000000e2c80000)
 ParOldGen       total 92160K, used 18979K [0x0000000085000000, 0x000000008aa00000, 0x00000000d7000000)
  object space 92160K, 20% used [0x0000000085000000,0x0000000086288cd8,0x000000008aa00000)
 Metaspace       used 37089K, capacity 38746K, committed 38912K, reserved 1083392K
  class space    used 4680K, capacity 4997K, committed 5120K, reserved 1048576K
}
Event: 41.357 GC heap before
{Heap before GC invocations=13 (full 2):
 PSYoungGen      total 187904K, used 186130K [0x00000000d7000000, 0x00000000e3b00000, 0x0000000100000000)
  eden space 178176K, 100% used [0x00000000d7000000,0x00000000e1e00000,0x00000000e1e00000)
  from space 9728K, 81% used [0x00000000e3180000,0x00000000e3944898,0x00000000e3b00000)
  to   space 14848K, 0% used [0x00000000e1e00000,0x00000000e1e00000,0x00000000e2c80000)
 ParOldGen       total 92160K, used 18979K [0x0000000085000000, 0x000000008aa00000, 0x00000000d7000000)
  object space 92160K, 20% used [0x0000000085000000,0x0000000086288cd8,0x000000008aa00000)
 Metaspace       used 43183K, capacity 44930K, committed 45184K, reserved 1089536K
  class space    used 5582K, capacity 5917K, committed 6016K, reserved 1048576K
Event: 41.427 GC heap after
Heap after GC invocations=13 (full 2):
 PSYoungGen      total 193024K, used 12147K [0x00000000d7000000, 0x00000000e6780000, 0x0000000100000000)
  eden space 178176K, 0% used [0x00000000d7000000,0x00000000d7000000,0x00000000e1e00000)
  from space 14848K, 81% used [0x00000000e1e00000,0x00000000e29dcfa0,0x00000000e2c80000)
  to   space 15872K, 0% used [0x00000000e5800000,0x00000000e5800000,0x00000000e6780000)
 ParOldGen       total 92160K, used 18987K [0x0000000085000000, 0x000000008aa00000, 0x00000000d7000000)
  object space 92160K, 20% used [0x0000000085000000,0x000000008628acd8,0x000000008aa00000)
 Metaspace       used 43183K, capacity 44930K, committed 45184K, reserved 1089536K
  class space    used 5582K, capacity 5917K, committed 6016K, reserved 1048576K
}
Event: 75.831 GC heap before
{Heap before GC invocations=14 (full 2):
 PSYoungGen      total 193024K, used 190323K [0x00000000d7000000, 0x00000000e6780000, 0x0000000100000000)
  eden space 178176K, 100% used [0x00000000d7000000,0x00000000e1e00000,0x00000000e1e00000)
  from space 14848K, 81% used [0x00000000e1e00000,0x00000000e29dcfa0,0x00000000e2c80000)
  to   space 15872K, 0% used [0x00000000e5800000,0x00000000e5800000,0x00000000e6780000)
 ParOldGen       total 92160K, used 18987K [0x0000000085000000, 0x000000008aa00000, 0x00000000d7000000)
  object space 92160K, 20% used [0x0000000085000000,0x000000008628acd8,0x000000008aa00000)
 Metaspace       used 46673K, capacity 48822K, committed 49024K, reserved 1091584K
  class space    used 6045K, capacity 6449K, committed 6528K, reserved 1048576K
Event: 77.080 GC heap after
Heap after GC invocations=14 (full 2):
 PSYoungGen      total 233472K, used 15476K [0x00000000d7000000, 0x00000000e6780000, 0x0000000100000000)
  eden space 217600K, 0% used [0x00000000d7000000,0x00000000d7000000,0x00000000e4480000)
  from space 15872K, 97% used [0x00000000e5800000,0x00000000e671d338,0x00000000e6780000)
  to   space 17408K, 0% used [0x00000000e4580000,0x00000000e4580000,0x00000000e5680000)
 ParOldGen       total 92160K, used 18987K [0x0000000085000000, 0x000000008aa00000, 0x00000000d7000000)
  object space 92160K, 20% used [0x0000000085000000,0x000000008628acd8,0x000000008aa00000)
 Metaspace       used 46673K, capacity 48822K, committed 49024K, reserved 1091584K
  class space    used 6045K, capacity 6449K, committed 6528K, reserved 1048576K
}
Event: 238.050 GC heap before
{Heap before GC invocations=15 (full 2):
 PSYoungGen      total 233472K, used 233076K [0x00000000d7000000, 0x00000000e6780000, 0x0000000100000000)
  eden space 217600K, 100% used [0x00000000d7000000,0x00000000e4480000,0x00000000e4480000)
  from space 15872K, 97% used [0x00000000e5800000,0x00000000e671d338,0x00000000e6780000)
  to   space 17408K, 0% used [0x00000000e4580000,0x00000000e4580000,0x00000000e5680000)
 ParOldGen       total 92160K, used 18987K [0x0000000085000000, 0x000000008aa00000, 0x00000000d7000000)
  object space 92160K, 20% used [0x0000000085000000,0x000000008628acd8,0x000000008aa00000)
 Metaspace       used 54294K, capacity 56648K, committed 56704K, reserved 1097728K
  class space    used 7060K, capacity 7506K, committed 7552K, reserved 1048576K

